<?xml version="1.0" encoding="UTF-8"?>
<testng-results ignored="2" total="4" passed="2" failed="0" skipped="0">
  <reporter-output>
  </reporter-output>
  <suite started-at="2024-10-19T11:22:14 IST" name="First Suite" finished-at="2024-10-19T11:22:14 IST" duration-ms="97">
    <groups>
    </groups>
    <test started-at="2024-10-19T11:22:14 IST" name="First Test" finished-at="2024-10-19T11:22:14 IST" duration-ms="30">
      <class name="firstPackage.firstClass">
        <test-method signature="firstMethod()[pri:0, instance:firstPackage.firstClass@73e22a3d]" started-at="2024-10-19T11:22:14 IST" name="firstMethod" finished-at="2024-10-19T11:22:14 IST" duration-ms="6" status="PASS">
          <reporter-output>
          </reporter-output>
        </test-method> <!-- firstMethod -->
      </class> <!-- firstPackage.firstClass -->
    </test> <!-- First Test -->
    <test started-at="2024-10-19T11:22:14 IST" name="Second Test" finished-at="2024-10-19T11:22:14 IST" duration-ms="3">
      <class name="secondPackage.firstClass">
        <test-method signature="firstMethod()[pri:0, instance:secondPackage.firstClass@59505b48]" started-at="2024-10-19T11:22:14 IST" name="firstMethod" finished-at="2024-10-19T11:22:14 IST" duration-ms="1" status="PASS">
          <reporter-output>
          </reporter-output>
        </test-method> <!-- firstMethod -->
      </class> <!-- secondPackage.firstClass -->
    </test> <!-- Second Test -->
  </suite> <!-- First Suite -->
</testng-results>
