<?xml version="1.0" encoding="UTF-8"?>
<!-- Generated by org.testng.reporters.JUnitXMLReporter -->
<testsuite ignored="0" hostname="MSI" failures="0" tests="8" name="Package Test" time="0.04" errors="0" timestamp="2024-10-19T11:15:22 IST">
  <testcase classname="firstPackage.firstClass" name="firstMethod" time="0.005"/>
  <testcase classname="firstPackage.firstClass" name="secondMethod" time="0.0"/>
  <testcase classname="secondPackage.firstClass" name="firstMethod" time="0.001"/>
  <testcase classname="secondPackage.firstClass" name="secondMethod" time="0.0"/>
  <testcase classname="firstPackage.secondClass" name="firstMethod" time="0.001"/>
  <testcase classname="firstPackage.secondClass" name="secondTestMethod" time="0.0"/>
  <testcase classname="secondPackage.secondClass" name="firstMethod" time="0.0"/>
  <testcase classname="secondPackage.secondClass" name="secondTestMethod" time="0.0"/>
</testsuite> <!-- Package Test -->
